  Localplayer.cpp
  Misc.cpp
  Recoil.cpp
  Generating Code...
LINK : warning LNK4075: ignoring '/INCREMENTAL' due to '/FORCE' specification
Bhop.obj : warning LNK4075: ignoring '/EDITANDCONTINUE' due to '/OPT:ICF' specification
DirectX.obj : warning LNK4006: "class USettings UserSettings" (?UserSettings@@3VUSettings@@A) already defined in Bhop.obj; second definition ignored
DirectX.obj : warning LNK4006: "unsigned long Global_GameModule" (?Global_GameModule@@3KA) already defined in Bhop.obj; second definition ignored
DirectX.obj : warning LNK4006: "unsigned long Global_EngineModule" (?Global_EngineModule@@3KA) already defined in Bhop.obj; second definition ignored
dllmain.obj : warning LNK4006: "class USettings UserSettings" (?UserSettings@@3VUSettings@@A) already defined in Bhop.obj; second definition ignored
dllmain.obj : warning LNK4006: "unsigned long Global_GameModule" (?Global_GameModule@@3KA) already defined in Bhop.obj; second definition ignored
dllmain.obj : warning LNK4006: "unsigned long Global_EngineModule" (?Global_EngineModule@@3KA) already defined in Bhop.obj; second definition ignored
Drawing.obj : warning LNK4006: "class USettings UserSettings" (?UserSettings@@3VUSettings@@A) already defined in Bhop.obj; second definition ignored
Drawing.obj : warning LNK4006: "unsigned long Global_GameModule" (?Global_GameModule@@3KA) already defined in Bhop.obj; second definition ignored
Drawing.obj : warning LNK4006: "unsigned long Global_EngineModule" (?Global_EngineModule@@3KA) already defined in Bhop.obj; second definition ignored
Engine.obj : warning LNK4006: "class USettings UserSettings" (?UserSettings@@3VUSettings@@A) already defined in Bhop.obj; second definition ignored
Engine.obj : warning LNK4006: "unsigned long Global_GameModule" (?Global_GameModule@@3KA) already defined in Bhop.obj; second definition ignored
Engine.obj : warning LNK4006: "unsigned long Global_EngineModule" (?Global_EngineModule@@3KA) already defined in Bhop.obj; second definition ignored
Entity.obj : warning LNK4006: "class USettings UserSettings" (?UserSettings@@3VUSettings@@A) already defined in Bhop.obj; second definition ignored
Entity.obj : warning LNK4006: "unsigned long Global_GameModule" (?Global_GameModule@@3KA) already defined in Bhop.obj; second definition ignored
Entity.obj : warning LNK4006: "unsigned long Global_EngineModule" (?Global_EngineModule@@3KA) already defined in Bhop.obj; second definition ignored
Hook.obj : warning LNK4006: "class USettings UserSettings" (?UserSettings@@3VUSettings@@A) already defined in Bhop.obj; second definition ignored
Hook.obj : warning LNK4006: "unsigned long Global_GameModule" (?Global_GameModule@@3KA) already defined in Bhop.obj; second definition ignored
Hook.obj : warning LNK4006: "unsigned long Global_EngineModule" (?Global_EngineModule@@3KA) already defined in Bhop.obj; second definition ignored
Localplayer.obj : warning LNK4006: "class USettings UserSettings" (?UserSettings@@3VUSettings@@A) already defined in Bhop.obj; second definition ignored
Localplayer.obj : warning LNK4006: "unsigned long Global_GameModule" (?Global_GameModule@@3KA) already defined in Bhop.obj; second definition ignored
Localplayer.obj : warning LNK4006: "unsigned long Global_EngineModule" (?Global_EngineModule@@3KA) already defined in Bhop.obj; second definition ignored
Recoil.obj : warning LNK4006: "class USettings UserSettings" (?UserSettings@@3VUSettings@@A) already defined in Bhop.obj; second definition ignored
Recoil.obj : warning LNK4006: "unsigned long Global_GameModule" (?Global_GameModule@@3KA) already defined in Bhop.obj; second definition ignored
Recoil.obj : warning LNK4006: "unsigned long Global_EngineModule" (?Global_EngineModule@@3KA) already defined in Bhop.obj; second definition ignored
Triggerbot.obj : warning LNK4006: "class USettings UserSettings" (?UserSettings@@3VUSettings@@A) already defined in Bhop.obj; second definition ignored
Triggerbot.obj : warning LNK4006: "unsigned long Global_GameModule" (?Global_GameModule@@3KA) already defined in Bhop.obj; second definition ignored
Triggerbot.obj : warning LNK4006: "unsigned long Global_EngineModule" (?Global_EngineModule@@3KA) already defined in Bhop.obj; second definition ignored
C:\Users\aesthetic\Desktop\Menu\FemboyPaste-v1-main\Release\DLL.dll : warning LNK4088: image being generated due to /FORCE option; image may not run
  fempaste.vcxproj -> C:\Users\aesthetic\Desktop\Menu\FemboyPaste-v1-main\Release\DLL.dll
